<?xml version="1.0" encoding="UTF-8"?>
<!-- Generated by org.testng.reporters.JUnitReportReporter -->
<testsuite hostname="DESKTOP-4ETVO3R" failures="0" tests="1" name="Sample.Sample1" time="0.023" errors="0" timestamp="2023-08-03T21:11:30 IST" skipped="0">
  <testcase classname="Sample.Sample1" name="sample" time="0.023"/>
  <system-out/>
</testsuite> <!-- Sample.Sample1 -->
